Using pre-set license
Built from '2020.3/staging' branch; Version is '2020.3.23f1 (c5d91304a876) revision 12966163'; Using compiler version '192528614'; Build Type 'Release'
OS: 'Windows 10 Pro Education; OS build 22000.318; Version 2009; 64bit' Language: 'es' Physical Memory: 8012 MB
BatchMode: 1, IsHumanControllingUs: 0, StartBugReporterOnCrash: 0, Is64bit: 1, IsPro: 0

COMMAND LINE ARGUMENTS:
C:\Program Files\Unity\Hub\Editor\2020.3.23f1\Editor\Unity.exe
-adb2
-batchMode
-noUpm
-name
AssetImportWorker4
-projectPath
C:/Users/mary_/OneDrive/Documentos/GitHub/RundAndGun/RunAndGun
-logFile
Logs/AssetImportWorker4.log
-srvPort
65082
Successfully changed project path to: C:/Users/mary_/OneDrive/Documentos/GitHub/RundAndGun/RunAndGun
C:/Users/mary_/OneDrive/Documentos/GitHub/RundAndGun/RunAndGun
Using Asset Import Pipeline V2.
Refreshing native plugins compatible for Editor in 145.47 ms, found 2 plugins.
Preloading 0 native plugins for Editor in 0.00 ms.
Initialize engine version: 2020.3.23f1 (c5d91304a876)
[Subsystems] Discovering subsystems at path C:/Program Files/Unity/Hub/Editor/2020.3.23f1/Editor/Data/Resources/UnitySubsystems
[Subsystems] Discovering subsystems at path C:/Users/mary_/OneDrive/Documentos/GitHub/RundAndGun/RunAndGun/Assets
GfxDevice: creating device client; threaded=0
Direct3D:
    Version:  Direct3D 11.0 [level 11.1]
    Renderer: Intel(R) UHD Graphics 600 (ID=0x3185)
    Vendor:   
    VRAM:     4006 MB
    Driver:   27.20.100.8681
Initialize mono
Mono path[0] = 'C:/Program Files/Unity/Hub/Editor/2020.3.23f1/Editor/Data/Managed'
Mono path[1] = 'C:/Program Files/Unity/Hub/Editor/2020.3.23f1/Editor/Data/MonoBleedingEdge/lib/mono/unityjit'
Mono config path = 'C:/Program Files/Unity/Hub/Editor/2020.3.23f1/Editor/Data/MonoBleedingEdge/etc'
Using monoOptions --debugger-agent=transport=dt_socket,embedding=1,server=y,suspend=n,address=127.0.0.1:56784
Begin MonoManager ReloadAssembly
Registering precompiled unity dll's ...
Register platform support module: C:/Program Files/Unity/Hub/Editor/2020.3.23f1/Editor/Data/PlaybackEngines/WindowsStandaloneSupport/UnityEditor.WindowsStandalone.Extensions.dll
Registered in 0.006111 seconds.
Native extension for WindowsStandalone target not found
Refreshing native plugins compatible for Editor in 134.98 ms, found 2 plugins.
Preloading 0 native plugins for Editor in 0.00 ms.
Mono: successfully reloaded assembly
- Completed reload, in  2.207 seconds
Domain Reload Profiling:
	ReloadAssembly (2208ms)
		BeginReloadAssembly (209ms)
			ExecutionOrderSort (0ms)
			DisableScriptedObjects (0ms)
			BackupInstance (0ms)
			ReleaseScriptingObjects (0ms)
			CreateAndSetChildDomain (3ms)
		EndReloadAssembly (1705ms)
			LoadAssemblies (198ms)
			RebuildTransferFunctionScriptingTraits (1ms)
			SetupTypeCache (591ms)
			ReleaseScriptCaches (0ms)
			RebuildScriptCaches (118ms)
			SetupLoadedEditorAssemblies (620ms)
				LogAssemblyErrors (0ms)
				InitializePlatformSupportModulesInManaged (15ms)
				SetLoadedEditorAssemblies (1ms)
				RefreshPlugins (135ms)
				BeforeProcessingInitializeOnLoad (48ms)
				ProcessInitializeOnLoadAttributes (311ms)
				ProcessInitializeOnLoadMethodAttributes (109ms)
				AfterProcessingInitializeOnLoad (0ms)
				EditorAssembliesLoaded (1ms)
			ExecutionOrderSort2 (0ms)
			AwakeInstancesAfterBackupRestoration (0ms)
Platform modules already initialized, skipping
Registering precompiled user dll's ...
Registered in 0.017917 seconds.
Begin MonoManager ReloadAssembly
Native extension for WindowsStandalone target not found
Refreshing native plugins compatible for Editor in 1.36 ms, found 2 plugins.
Preloading 0 native plugins for Editor in 0.00 ms.
Mono: successfully reloaded assembly
- Completed reload, in  8.375 seconds
Domain Reload Profiling:
	ReloadAssembly (8397ms)
		BeginReloadAssembly (516ms)
			ExecutionOrderSort (0ms)
			DisableScriptedObjects (17ms)
			BackupInstance (0ms)
			ReleaseScriptingObjects (0ms)
			CreateAndSetChildDomain (64ms)
		EndReloadAssembly (7633ms)
			LoadAssemblies (304ms)
			RebuildTransferFunctionScriptingTraits (0ms)
			SetupTypeCache (2563ms)
			ReleaseScriptCaches (1ms)
			RebuildScriptCaches (169ms)
			SetupLoadedEditorAssemblies (4176ms)
				LogAssemblyErrors (0ms)
				InitializePlatformSupportModulesInManaged (16ms)
				SetLoadedEditorAssemblies (2ms)
				RefreshPlugins (2ms)
				BeforeProcessingInitializeOnLoad (346ms)
				ProcessInitializeOnLoadAttributes (1420ms)
				ProcessInitializeOnLoadMethodAttributes (2365ms)
				AfterProcessingInitializeOnLoad (24ms)
				EditorAssembliesLoaded (1ms)
			ExecutionOrderSort2 (0ms)
			AwakeInstancesAfterBackupRestoration (31ms)
Platform modules already initialized, skipping
========================================================================
Worker process is ready to serve import requests
Launched and connected shader compiler UnityShaderCompiler.exe after 0.39 seconds
Refreshing native plugins compatible for Editor in 1.42 ms, found 2 plugins.
Preloading 0 native plugins for Editor in 0.00 ms.
Unloading 1498 Unused Serialized files (Serialized files now loaded: 0)
System memory in use before: 67.5 MB.
System memory in use after: 67.6 MB.

Unloading 19 unused Assets to reduce memory usage. Loaded Objects now: 1930.
Total: 13.580700 ms (FindLiveObjects: 0.710100 ms CreateObjectMapping: 0.206400 ms MarkObjects: 12.398700 ms  DeleteObjects: 0.260100 ms)

AssetImportParameters requested are different than current active one (requested -> active):
  custom:framework-win-MediaFoundation: 216162199b28c13a410421893ffa2e32 -> 
  custom:video-decoder-ogg-theora: a1e56fd34408186e4bbccfd4996cb3dc -> 
  custom:container-muxer-webm: aa71ff27fc2769a1b78a27578f13a17b -> 
  custom:container-demuxer-webm: 4f35f7cbe854078d1ac9338744f61a02 -> 
  custom:container-demuxer-ogg: 62fdf1f143b41e24485cea50d1cbac27 -> 
  custom:video-encoder-webm-vp8: eb34c28f22e8b96e1ab97ce403110664 -> 
  custom:video-codec-MediaFoundation-h265: 746d11721c4dcdbdad8f713fa42b33f4 -> 
  custom:video-decoder-webm-vp8: 9c59270c3fd7afecdb556c50c9e8de78 -> 
  custom:audio-decoder-ogg-vorbis: bf7c407c2cedff20999df2af8eb42d56 -> 
  custom:audio-encoder-webm-vorbis: bf7c407c2cedff20999df2af8eb42d56 -> 
========================================================================
Received Import Request.
  path: Assets/Jugador.fbx
  artifactKey: Guid(5e9793302a7fa64418ba8a8c8b300574) Importer(815301076,1909f56bfc062723c751e8b465ee728b)
Start importing Assets/Jugador.fbx using Guid(5e9793302a7fa64418ba8a8c8b300574) Importer(815301076,1909f56bfc062723c751e8b465ee728b)  -> (artifact id: '3dffcd683d2e2e6a0dab33acaccea820') in 1.269554 seconds 
  Import took 1.286746 seconds .

========================================================================
Received Import Request.
  Time since last request: 226.837149 seconds.
  path: Assets/Monstruo3.prefab.fbx
  artifactKey: Guid(2b4adeb8fc3d1fb4faa7d0e9de80303c) Importer(815301076,1909f56bfc062723c751e8b465ee728b)
Start importing Assets/Monstruo3.prefab.fbx using Guid(2b4adeb8fc3d1fb4faa7d0e9de80303c) Importer(815301076,1909f56bfc062723c751e8b465ee728b)  -> (artifact id: '2943b0a677154ea1102acddc852ef70c') in 0.523995 seconds 
  Import took 0.545509 seconds .

========================================================================
Received Import Request.
  Time since last request: 109.820877 seconds.
  path: Assets/Scenes
  artifactKey: Guid(5e009b8e6318a204a874ccab88b7b08a) Importer(815301076,1909f56bfc062723c751e8b465ee728b)
Start importing Assets/Scenes using Guid(5e009b8e6318a204a874ccab88b7b08a) Importer(815301076,1909f56bfc062723c751e8b465ee728b)  -> (artifact id: 'ed4628c614f781c213490f830ed89241') in 0.058118 seconds 
  Import took 0.097307 seconds .

========================================================================
Received Import Request.
  Time since last request: 760.272471 seconds.
  path: Assets/Monstruo1.fbx
  artifactKey: Guid(5e9793302a7fa64418ba8a8c8b300574) Importer(815301076,1909f56bfc062723c751e8b465ee728b)
Start importing Assets/Monstruo1.fbx using Guid(5e9793302a7fa64418ba8a8c8b300574) Importer(815301076,1909f56bfc062723c751e8b465ee728b)  -> (artifact id: '0acc555e0994f4151a4f8d7fcba9fd32') in 0.389826 seconds 
  Import took 0.403166 seconds .

========================================================================
Received Import Request.
  Time since last request: 111.644656 seconds.
  path: Assets
  artifactKey: Guid(00000000000000001000000000000000) Importer(815301076,1909f56bfc062723c751e8b465ee728b)
Start importing Assets using Guid(00000000000000001000000000000000) Importer(815301076,1909f56bfc062723c751e8b465ee728b)  -> (artifact id: '42d402b061de3733987d63b9cc3b64de') in 0.065936 seconds 
  Import took 0.085044 seconds .

========================================================================
Received Import Request.
  Time since last request: 1325.482912 seconds.
  path: Assets/SimplePeople_Man_Business_White.prefab
  artifactKey: Guid(97dc5957f9d044f48a02dc69a13b092f) Importer(815301076,1909f56bfc062723c751e8b465ee728b)
Start importing Assets/SimplePeople_Man_Business_White.prefab using Guid(97dc5957f9d044f48a02dc69a13b092f) Importer(815301076,1909f56bfc062723c751e8b465ee728b)  -> (artifact id: '9e67076a5c40b1f9eb8d6b604acc3df3') in 0.286524 seconds 
  Import took 0.309338 seconds .

AssetImportWorkerClient::OnTransportError - code=2 error=End of file
